<?xml version="1.0" encoding="UTF-8"?>
<!-- Generated by org.testng.reporters.JUnitReportReporter -->
<testsuite name="ashwini.GoogleTest" tests="4" time="52.744" ignored="0" failures="0" timestamp="25 Aug 2020 08:57:25 GMT" skipped="0" hostname="DESKTOP-GGKFFDV" errors="0">
  <testcase name="verifyTest" time="12.971" classname="ashwini.GoogleTest"/>
  <testcase name="test2" time="14.016" classname="ashwini.GoogleTest"/>
  <testcase name="test1" time="10.419" classname="ashwini.GoogleTest"/>
  <testcase name="verifyGoogletitle" time="15.338" classname="ashwini.GoogleTest"/>
</testsuite> <!-- ashwini.GoogleTest -->
