<?xml version="1.0" encoding="UTF-8"?>
<!-- Generated by org.testng.reporters.JUnitReportReporter -->
<testsuite name="ashwini.GoogleTest" tests="4" time="48.474" ignored="0" failures="0" timestamp="26 Aug 2020 05:37:55 GMT" skipped="0" hostname="DESKTOP-GGKFFDV" errors="0">
  <testcase name="verifyTest" time="14.374" classname="ashwini.GoogleTest"/>
  <testcase name="test1" time="9.421" classname="ashwini.GoogleTest"/>
  <testcase name="test2" time="15.259" classname="ashwini.GoogleTest"/>
  <testcase name="verifyGoogletitle" time="9.420" classname="ashwini.GoogleTest"/>
</testsuite> <!-- ashwini.GoogleTest -->
